[debug] [2022-04-08T20:35:33.710Z] ----------------------------------------------------------------------
[debug] [2022-04-08T20:35:33.712Z] Command:       C:\Program Files\nodejs\node.exe C:\Users\avina\AppData\Roaming\npm\node_modules\firebase-tools\lib\bin\firebase.js init
[debug] [2022-04-08T20:35:33.713Z] CLI Version:   9.20.0
[debug] [2022-04-08T20:35:33.713Z] Platform:      win32
[debug] [2022-04-08T20:35:33.713Z] Node Version:  v16.11.1
[debug] [2022-04-08T20:35:33.714Z] Time:          Sat Apr 09 2022 02:05:33 GMT+0530 (India Standard Time)
[debug] [2022-04-08T20:35:33.714Z] ----------------------------------------------------------------------
[debug] 
[debug] [2022-04-08T20:35:33.717Z] >>> [apiv2][query] GET https://firebase-public.firebaseio.com/cli.json [none]
[debug] [2022-04-08T20:35:33.814Z] > command requires scopes: ["email","openid","https://www.googleapis.com/auth/cloudplatformprojects.readonly","https://www.googleapis.com/auth/firebase","https://www.googleapis.com/auth/cloud-platform"]
[debug] [2022-04-08T20:35:33.814Z] > authorizing via signed-in user (avinashkumar2rock@gmail.com)
[info] 
     ######## #### ########  ######## ########     ###     ######  ########
     ##        ##  ##     ## ##       ##     ##  ##   ##  ##       ##
     ######    ##  ########  ######   ########  #########  ######  ######
     ##        ##  ##    ##  ##       ##     ## ##     ##       ## ##
     ##       #### ##     ## ######## ########  ##     ##  ######  ########

You're about to initialize a Firebase project in this directory:

  C:\Users\avina

Before we get started, keep in mind:

  * You are initializing within an existing Firebase project directory

[debug] [2022-04-08T20:35:34.731Z] <<< [apiv2][status] GET https://firebase-public.firebaseio.com/cli.json 200
[debug] [2022-04-08T20:35:34.731Z] <<< [apiv2][body] GET https://firebase-public.firebaseio.com/cli.json {"cloudBuildErrorAfter":1594252800000,"cloudBuildWarnAfter":1590019200000,"defaultNode10After":1594252800000,"minVersion":"3.0.5","node8DeploysDisabledAfter":1613390400000,"node8RuntimeDisabledAfter":1615809600000,"node8WarnAfter":1600128000000}
[info] 
=== Project Setup
[info] 
[info] First, let's associate this project directory with a Firebase project.
[info] You can create multiple project aliases by running firebase use --add, 
[info] but for now we'll just set up a default project.
[info] 
[info] i  .firebaserc already has a default project, using resume-317cb. 
[debug] [2022-04-08T20:36:33.514Z] > refreshing access token with scopes: []
[debug] [2022-04-08T20:36:33.515Z] >>> HTTP REQUEST POST https://www.googleapis.com/oauth2/v3/token  
 <request body omitted>
[debug] [2022-04-08T20:36:33.776Z] <<< HTTP RESPONSE 200 {"pragma":"no-cache","cache-control":"no-cache, no-store, max-age=0, must-revalidate","expires":"Mon, 01 Jan 1990 00:00:00 GMT","date":"Fri, 08 Apr 2022 20:36:33 GMT","content-type":"application/json; charset=utf-8","vary":"X-Origin, Referer, Origin,Accept-Encoding","server":"scaffolding on HTTPServer2","x-xss-protection":"0","x-frame-options":"SAMEORIGIN","x-content-type-options":"nosniff","alt-svc":"h3=\":443\"; ma=2592000,h3-29=\":443\"; ma=2592000,h3-Q050=\":443\"; ma=2592000,h3-Q046=\":443\"; ma=2592000,h3-Q043=\":443\"; ma=2592000,quic=\":443\"; ma=2592000; v=\"46,43\"","accept-ranges":"none","transfer-encoding":"chunked"}
[debug] [2022-04-08T20:36:33.789Z] >>> [apiv2][query] GET https://firebase.googleapis.com/v1beta1/projects/resume-317cb [none]
[debug] [2022-04-08T20:36:34.681Z] <<< [apiv2][status] GET https://firebase.googleapis.com/v1beta1/projects/resume-317cb 403
[debug] [2022-04-08T20:36:34.682Z] <<< [apiv2][body] GET https://firebase.googleapis.com/v1beta1/projects/resume-317cb {"error":{"code":403,"message":"The caller does not have permission","status":"PERMISSION_DENIED"}}
[debug] [2022-04-08T20:36:34.682Z] HTTP Error: 403, The caller does not have permission
[debug] [2022-04-08T20:36:34.946Z] FirebaseError: HTTP Error: 403, The caller does not have permission
    at module.exports (C:\Users\avina\AppData\Roaming\npm\node_modules\firebase-tools\lib\responseToError.js:38:12)
    at Client.doRequest (C:\Users\avina\AppData\Roaming\npm\node_modules\firebase-tools\lib\apiv2.js:238:23)
    at processTicksAndRejections (node:internal/process/task_queues:96:5)
    at async Client.request (C:\Users\avina\AppData\Roaming\npm\node_modules\firebase-tools\lib\apiv2.js:96:20)
    at async Object.getFirebaseProject (C:\Users\avina\AppData\Roaming\npm\node_modules\firebase-tools\lib\management\projects.js:290:21)
    at async Object.doSetup [as project] (C:\Users\avina\AppData\Roaming\npm\node_modules\firebase-tools\lib\init\features\project.js:77:27)
    at async init (C:\Users\avina\AppData\Roaming\npm\node_modules\firebase-tools\lib\init\index.js:19:9)
[error] 
[error] Error: Failed to get Firebase project resume-317cb. Please make sure the project exists and your account has permission to access it.
